# Logfile created on Mon Jun 28 00:16:56 -0700 2010INFO: Mirroring assets from /usr/lib/ruby/gems/1.8/gems/spree-0.10.2/vendor/extensions/localization/public to /home/alexkobyakov/work/htest/smallapp/public
INFO: Mirroring assets from /usr/lib/ruby/gems/1.8/gems/spree-0.10.2/vendor/extensions/theme_default/public to /home/alexkobyakov/work/htest/smallapp/public
INFO: Mirroring assets from /usr/lib/ruby/gems/1.8/gems/spree-0.10.2/vendor/extensions/overview_dashboard/public to /home/alexkobyakov/work/htest/smallapp/public
INFO: Mirroring assets from /usr/lib/ruby/gems/1.8/gems/spree-0.10.2/vendor/extensions/payment_gateway/public to /home/alexkobyakov/work/htest/smallapp/public
INFO: Mirroring assets from /home/alexkobyakov/work/htest/smallapp/vendor/extensions/site/public to /home/alexkobyakov/work/htest/smallapp/public
INFO: Loading mail preferences
  [4;36;1mSQL (0.4ms)[0m   [0;1mSET SQL_AUTO_IS_NULL=0[0m
  [4;35;1mSQL (36.7ms)[0m   [0mSHOW TABLES[0m
=========================================================================
ERROR: Something went wrong while loading mail preferences
       Verify you created a default configuration in admin/configurations
=========================================================================
  [4;36;1mSQL (0.9ms)[0m   [0;1mSHOW TABLES[0m
  [4;35;1mUser Columns (0.0ms)[0m   [0mMysql::Error: Table 'smalapp.users' doesn't exist: SHOW FIELDS FROM `users`[0m
  [4;36;1mSQL (0.6ms)[0m   [0;1mSHOW TABLES[0m
  [4;35;1mSQL (0.3ms)[0m   [0mSHOW TABLES[0m
  [4;36;1mSQL (0.2ms)[0m   [0;1mSHOW TABLES[0m
  [4;35;1mSQL (17.3ms)[0m   [0mSHOW TABLES[0m
  [4;36;1mSQL (0.2ms)[0m   [0;1mSHOW TABLES[0m
  [4;35;1mSQL (8.1ms)[0m   [0mSHOW TABLES[0m
INFO: Loading initializer /home/alexkobyakov/work/htest/smallapp/vendor/extensions/site/config/initializers/session_store.rb
  [4;36;1mOrder Columns (0.0ms)[0m   [0;1mMysql::Error: Table 'smalapp.orders' doesn't exist: SHOW FIELDS FROM `orders`[0m
INFO: Loading routes from /usr/lib/ruby/gems/1.8/gems/spree-0.10.2/vendor/extensions/localization/config/routes.rb
INFO: Loading routes from /usr/lib/ruby/gems/1.8/gems/spree-0.10.2/vendor/extensions/api/config/routes.rb
INFO: Loading routes from /usr/lib/ruby/gems/1.8/gems/spree-0.10.2/vendor/extensions/overview_dashboard/config/routes.rb
INFO: Loading routes from /usr/lib/ruby/gems/1.8/gems/spree-0.10.2/vendor/extensions/payment_gateway/config/routes.rb
INFO: Loading routes from /home/alexkobyakov/work/htest/smallapp/vendor/extensions/site/config/routes.rb
  [4;35;1mSQL (9.4ms)[0m   [0mSHOW TABLES[0m
  [4;36;1mSQL (287.9ms)[0m   [0;1mCREATE TABLE `schema_migrations` (`version` varchar(255) NOT NULL) ENGINE=InnoDB[0m
  [4;35;1mSQL (144.4ms)[0m   [0mCREATE UNIQUE INDEX `unique_schema_migrations` ON `schema_migrations` (`version`)[0m
  [4;36;1mSQL (1.2ms)[0m   [0;1mSHOW TABLES[0m
  [4;35;1mSQL (0.3ms)[0m   [0mSHOW TABLES[0m
  [4;36;1mSQL (1.1ms)[0m   [0;1mSELECT version FROM schema_migrations[0m
Migrating to SpreeZeroNineZero (20090823005402)
  [4;35;1mSQL (0.5ms)[0m   [0mSHOW TABLES[0m
  [4;36;1mSQL (25.5ms)[0m   [0;1mCREATE TABLE `addresses` (`id` int(11) DEFAULT NULL auto_increment PRIMARY KEY, `firstname` varchar(255), `lastname` varchar(255), `address1` varchar(255), `address2` varchar(255), `city` varchar(255), `state_id` int(11), `zipcode` varchar(255), `country_id` int(11), `phone` varchar(255), `created_at` datetime, `updated_at` datetime, `state_name` varchar(255), `alternative_phone` varchar(255)) ENGINE=InnoDB[0m
  [4;35;1mSQL (0.6ms)[0m   [0mSHOW TABLES[0m
  [4;36;1mSQL (9.7ms)[0m   [0;1mCREATE TABLE `adjustments` (`id` int(11) DEFAULT NULL auto_increment PRIMARY KEY, `order_id` int(11), `type` varchar(255), `amount` decimal(8,2) DEFAULT 0.0 NOT NULL, `description` varchar(255), `position` int(11), `created_at` datetime, `updated_at` datetime, `adjustment_source_id` int(11), `adjustment_source_type` varchar(255), `secondary_type` varchar(255)) ENGINE=InnoDB[0m
  [4;35;1mSQL (0.9ms)[0m   [0mSHOW TABLES[0m
  [4;36;1mSQL (59.8ms)[0m   [0;1mCREATE TABLE `assets` (`id` int(11) DEFAULT NULL auto_increment PRIMARY KEY, `viewable_id` int(11), `viewable_type` varchar(50), `attachment_content_type` varchar(255), `attachment_file_name` varchar(255), `attachment_size` int(11), `position` int(11), `type` varchar(75), `attachment_updated_at` datetime, `attachment_width` int(11), `attachment_height` int(11)) ENGINE=InnoDB[0m
  [4;35;1mSQL (0.7ms)[0m   [0mSHOW TABLES[0m
  [4;36;1mSQL (59.4ms)[0m   [0;1mCREATE TABLE `calculators` (`id` int(11) DEFAULT NULL auto_increment PRIMARY KEY, `type` varchar(255), `calculable_id` int(11) NOT NULL, `calculable_type` varchar(255) NOT NULL, `created_at` datetime, `updated_at` datetime) ENGINE=InnoDB[0m
  [4;35;1mSQL (10.3ms)[0m   [0mSHOW TABLES[0m
  [4;36;1mSQL (47.2ms)[0m   [0;1mCREATE TABLE `checkouts` (`id` int(11) DEFAULT NULL auto_increment PRIMARY KEY, `order_id` int(11), `email` varchar(255), `ip_address` varchar(255), `special_instructions` text, `bill_address_id` int(11), `completed_at` datetime, `created_at` datetime, `updated_at` datetime) ENGINE=InnoDB[0m
  [4;35;1mSQL (0.8ms)[0m   [0mSHOW TABLES[0m
  [4;36;1mSQL (48.8ms)[0m   [0;1mCREATE TABLE `configurations` (`id` int(11) DEFAULT NULL auto_increment PRIMARY KEY, `name` varchar(255), `created_at` datetime, `updated_at` datetime, `type` varchar(50)) ENGINE=InnoDB[0m
  [4;35;1mSQL (37.2ms)[0m   [0mCREATE INDEX `index_configurations_on_name_and_type` ON `configurations` (`name`, `type`)[0m
  [4;36;1mSQL (0.5ms)[0m   [0;1mSHOW TABLES[0m
  [4;35;1mSQL (36.8ms)[0m   [0mCREATE TABLE `countries` (`id` int(11) DEFAULT NULL auto_increment PRIMARY KEY, `iso_name` varchar(255), `iso` varchar(255), `name` varchar(255), `iso3` varchar(255), `numcode` int(11)) ENGINE=InnoDB[0m
  [4;36;1mSQL (0.5ms)[0m   [0;1mSHOW TABLES[0m
  [4;35;1mSQL (32.2ms)[0m   [0mCREATE TABLE `coupons` (`id` int(11) DEFAULT NULL auto_increment PRIMARY KEY, `code` varchar(255), `description` varchar(255), `usage_limit` int(11), `combine` tinyint(1), `expires_at` datetime, `created_at` datetime, `updated_at` datetime, `starts_at` datetime) ENGINE=InnoDB[0m
  [4;36;1mSQL (0.5ms)[0m   [0;1mSHOW TABLES[0m
  [4;35;1mSQL (33.3ms)[0m   [0mCREATE TABLE `creditcard_txns` (`id` int(11) DEFAULT NULL auto_increment PRIMARY KEY, `creditcard_payment_id` int(11), `amount` decimal(8,2) DEFAULT 0.0 NOT NULL, `txn_type` int(11), `response_code` varchar(255), `avs_response` text, `cvv_response` text, `created_at` datetime, `updated_at` datetime) ENGINE=InnoDB[0m
  [4;36;1mSQL (0.7ms)[0m   [0;1mSHOW TABLES[0m
  [4;35;1mSQL (42.4ms)[0m   [0mCREATE TABLE `creditcards` (`id` int(11) DEFAULT NULL auto_increment PRIMARY KEY, `number` text, `month` varchar(255), `year` varchar(255), `verification_value` text, `cc_type` varchar(255), `display_number` varchar(255), `first_name` varchar(255), `last_name` varchar(255), `created_at` datetime, `updated_at` datetime, `start_month` varchar(255), `start_year` varchar(255), `issue_number` varchar(255), `address_id` int(11), `checkout_id` int(11)) ENGINE=InnoDB[0m
  [4;36;1mSQL (0.6ms)[0m   [0;1mSHOW TABLES[0m
  [4;35;1mSQL (41.0ms)[0m   [0mCREATE TABLE `gateway_configurations` (`id` int(11) DEFAULT NULL auto_increment PRIMARY KEY, `gateway_id` int(11), `created_at` datetime, `updated_at` datetime) ENGINE=InnoDB[0m
  [4;36;1mSQL (0.6ms)[0m   [0;1mSHOW TABLES[0m
  [4;35;1mSQL (78.5ms)[0m   [0mCREATE TABLE `gateway_option_values` (`id` int(11) DEFAULT NULL auto_increment PRIMARY KEY, `gateway_configuration_id` int(11), `gateway_option_id` int(11), `value` text, `created_at` datetime, `updated_at` datetime) ENGINE=InnoDB[0m
  [4;36;1mSQL (5.1ms)[0m   [0;1mSHOW TABLES[0m
  [4;35;1mSQL (37.2ms)[0m   [0mCREATE TABLE `gateway_options` (`id` int(11) DEFAULT NULL auto_increment PRIMARY KEY, `name` varchar(255), `description` text, `gateway_id` int(11), `textarea` tinyint(1) DEFAULT 0, `created_at` datetime, `updated_at` datetime) ENGINE=InnoDB[0m
  [4;36;1mSQL (0.6ms)[0m   [0;1mSHOW TABLES[0m
  [4;35;1mSQL (41.7ms)[0m   [0mCREATE TABLE `gateways` (`id` int(11) DEFAULT NULL auto_increment PRIMARY KEY, `clazz` varchar(255), `name` varchar(255), `description` text, `active` tinyint(1), `created_at` datetime, `updated_at` datetime) ENGINE=InnoDB[0m
  [4;36;1mSQL (0.8ms)[0m   [0;1mSHOW TABLES[0m
  [4;35;1mSQL (45.6ms)[0m   [0mCREATE TABLE `inventory_units` (`id` int(11) DEFAULT NULL auto_increment PRIMARY KEY, `variant_id` int(11), `order_id` int(11), `state` varchar(255), `lock_version` int(11) DEFAULT 0, `created_at` datetime, `updated_at` datetime) ENGINE=InnoDB[0m
  [4;36;1mSQL (0.6ms)[0m   [0;1mSHOW TABLES[0m
  [4;35;1mSQL (25.8ms)[0m   [0mCREATE TABLE `line_items` (`id` int(11) DEFAULT NULL auto_increment PRIMARY KEY, `order_id` int(11), `variant_id` int(11), `quantity` int(11) NOT NULL, `price` decimal(8,2) NOT NULL, `created_at` datetime, `updated_at` datetime) ENGINE=InnoDB[0m
  [4;36;1mSQL (91.6ms)[0m   [0;1mCREATE INDEX `index_line_items_on_order_id` ON `line_items` (`order_id`)[0m
  [4;35;1mSQL (52.8ms)[0m   [0mCREATE INDEX `index_line_items_on_variant_id` ON `line_items` (`variant_id`)[0m
  [4;36;1mSQL (0.6ms)[0m   [0;1mSHOW TABLES[0m
  [4;35;1mSQL (46.6ms)[0m   [0mCREATE TABLE `option_types` (`id` int(11) DEFAULT NULL auto_increment PRIMARY KEY, `name` varchar(100), `presentation` varchar(100), `created_at` datetime, `updated_at` datetime) ENGINE=InnoDB[0m
  [4;36;1mSQL (3.9ms)[0m   [0;1mSHOW TABLES[0m
  [4;35;1mSQL (78.0ms)[0m   [0mCREATE TABLE `option_types_prototypes` (`prototype_id` int(11), `option_type_id` int(11)) ENGINE=InnoDB[0m
  [4;36;1mSQL (0.8ms)[0m   [0;1mSHOW TABLES[0m
  [4;35;1mSQL (67.3ms)[0m   [0mCREATE TABLE `option_values` (`id` int(11) DEFAULT NULL auto_increment PRIMARY KEY, `option_type_id` int(11), `name` varchar(255), `position` int(11), `presentation` varchar(255), `created_at` datetime, `updated_at` datetime) ENGINE=InnoDB[0m
  [4;36;1mSQL (1.2ms)[0m   [0;1mSHOW TABLES[0m
  [4;35;1mSQL (66.9ms)[0m   [0mCREATE TABLE `option_values_variants` (`variant_id` int(11), `option_value_id` int(11)) ENGINE=InnoDB[0m
  [4;36;1mSQL (129.2ms)[0m   [0;1mCREATE INDEX `index_option_values_variants_on_variant_id` ON `option_values_variants` (`variant_id`)[0m
  [4;35;1mSQL (0.9ms)[0m   [0mSHOW TABLES[0m
  [4;36;1mSQL (18.6ms)[0m   [0;1mCREATE TABLE `orders` (`id` int(11) DEFAULT NULL auto_increment PRIMARY KEY, `user_id` int(11), `number` varchar(15), `item_total` decimal(8,2) DEFAULT 0.0 NOT NULL, `total` decimal(8,2) DEFAULT 0.0 NOT NULL, `created_at` datetime, `updated_at` datetime, `state` varchar(255), `token` varchar(255), `adjustment_total` decimal(8,2) DEFAULT 0.0 NOT NULL, `credit_total` decimal(8,2) DEFAULT 0.0 NOT NULL) ENGINE=InnoDB[0m
  [4;35;1mSQL (33.0ms)[0m   [0mCREATE INDEX `index_orders_on_number` ON `orders` (`number`)[0m
  [4;36;1mSQL (0.8ms)[0m   [0;1mSHOW TABLES[0m
  [4;35;1mSQL (36.6ms)[0m   [0mCREATE TABLE `payments` (`id` int(11) DEFAULT NULL auto_increment PRIMARY KEY, `order_id` int(11), `created_at` datetime, `updated_at` datetime, `amount` decimal(8,2) DEFAULT 0.0 NOT NULL, `creditcard_id` int(11), `type` varchar(255)) ENGINE=InnoDB[0m
  [4;36;1mSQL (1.1ms)[0m   [0;1mSHOW TABLES[0m
  [4;35;1mSQL (34.9ms)[0m   [0mCREATE TABLE `preferences` (`id` int(11) DEFAULT NULL auto_increment PRIMARY KEY, `attribute` varchar(100) NOT NULL, `owner_id` integer NOT NULL, `owner_type` varchar(50) NOT NULL, `group_id` int(11), `group_type` varchar(50), `value` varchar(255), `created_at` datetime, `updated_at` datetime) ENGINE=InnoDB[0m
  [4;36;1mSQL (59.3ms)[0m   [0;1mCREATE UNIQUE INDEX `index_preferences_on_owner_and_attribute_and_preference` ON `preferences` (`owner_id`, `owner_type`, `attribute`, `group_id`, `group_type`)[0m
  [4;35;1mSQL (0.7ms)[0m   [0mSHOW TABLES[0m
  [4;36;1mSQL (10.3ms)[0m   [0;1mCREATE TABLE `product_option_types` (`id` int(11) DEFAULT NULL auto_increment PRIMARY KEY, `product_id` int(11), `option_type_id` int(11), `position` int(11), `created_at` datetime, `updated_at` datetime) ENGINE=InnoDB[0m
  [4;35;1mSQL (0.7ms)[0m   [0mSHOW TABLES[0m
  [4;36;1mSQL (36.3ms)[0m   [0;1mCREATE TABLE `product_properties` (`id` int(11) DEFAULT NULL auto_increment PRIMARY KEY, `product_id` int(11), `property_id` int(11), `value` varchar(255), `created_at` datetime, `updated_at` datetime) ENGINE=InnoDB[0m
  [4;35;1mSQL (0.8ms)[0m   [0mSHOW TABLES[0m
  [4;36;1mSQL (26.1ms)[0m   [0;1mCREATE TABLE `products` (`id` int(11) DEFAULT NULL auto_increment PRIMARY KEY, `name` varchar(255) DEFAULT '' NOT NULL, `description` text, `created_at` datetime, `updated_at` datetime, `permalink` varchar(255), `available_on` datetime, `tax_category_id` int(11), `shipping_category_id` int(11), `deleted_at` datetime, `meta_description` varchar(255), `meta_keywords` varchar(255)) ENGINE=InnoDB[0m
  [4;35;1mSQL (50.0ms)[0m   [0mCREATE INDEX `index_products_on_available_on` ON `products` (`available_on`)[0m
  [4;36;1mSQL (58.7ms)[0m   [0;1mCREATE INDEX `index_products_on_deleted_at` ON `products` (`deleted_at`)[0m
  [4;35;1mSQL (51.2ms)[0m   [0mCREATE INDEX `index_products_on_name` ON `products` (`name`)[0m
  [4;36;1mSQL (54.6ms)[0m   [0;1mCREATE INDEX `index_products_on_permalink` ON `products` (`permalink`)[0m
  [4;35;1mSQL (9.5ms)[0m   [0mSHOW TABLES[0m
  [4;36;1mSQL (25.0ms)[0m   [0;1mCREATE TABLE `products_taxons` (`product_id` int(11), `taxon_id` int(11)) ENGINE=InnoDB[0m
  [4;35;1mSQL (57.8ms)[0m   [0mCREATE INDEX `index_products_taxons_on_product_id` ON `products_taxons` (`product_id`)[0m
  [4;36;1mSQL (10.2ms)[0m   [0;1mCREATE INDEX `index_products_taxons_on_taxon_id` ON `products_taxons` (`taxon_id`)[0m
  [4;35;1mSQL (0.8ms)[0m   [0mSHOW TABLES[0m
  [4;36;1mSQL (6.3ms)[0m   [0;1mCREATE TABLE `properties` (`id` int(11) DEFAULT NULL auto_increment PRIMARY KEY, `name` varchar(255), `presentation` varchar(255) NOT NULL, `created_at` datetime, `updated_at` datetime) ENGINE=InnoDB[0m
  [4;35;1mSQL (0.9ms)[0m   [0mSHOW TABLES[0m
  [4;36;1mSQL (11.9ms)[0m   [0;1mCREATE TABLE `properties_prototypes` (`prototype_id` int(11), `property_id` int(11)) ENGINE=InnoDB[0m
  [4;35;1mSQL (2.3ms)[0m   [0mSHOW TABLES[0m
  [4;36;1mSQL (37.8ms)[0m   [0;1mCREATE TABLE `prototypes` (`id` int(11) DEFAULT NULL auto_increment PRIMARY KEY, `name` varchar(255), `created_at` datetime, `updated_at` datetime) ENGINE=InnoDB[0m
  [4;35;1mSQL (10.0ms)[0m   [0mSHOW TABLES[0m
  [4;36;1mSQL (5.7ms)[0m   [0;1mCREATE TABLE `queued_mails` (`id` int(11) DEFAULT NULL auto_increment PRIMARY KEY, `object` text, `mailer` varchar(255)) ENGINE=InnoDB[0m
  [4;35;1mSQL (0.8ms)[0m   [0mSHOW TABLES[0m
  [4;36;1mSQL (47.1ms)[0m   [0;1mCREATE TABLE `roles` (`id` int(11) DEFAULT NULL auto_increment PRIMARY KEY, `name` varchar(255)) ENGINE=InnoDB[0m
  [4;35;1mSQL (1.0ms)[0m   [0mSHOW TABLES[0m
  [4;36;1mSQL (27.7ms)[0m   [0;1mCREATE TABLE `roles_users` (`role_id` int(11), `user_id` int(11)) ENGINE=InnoDB[0m
  [4;35;1mSQL (52.2ms)[0m   [0mCREATE INDEX `index_roles_users_on_role_id` ON `roles_users` (`role_id`)[0m
  [4;36;1mSQL (9.3ms)[0m   [0;1mCREATE INDEX `index_roles_users_on_user_id` ON `roles_users` (`user_id`)[0m
  [4;35;1mSQL (0.9ms)[0m   [0mSHOW TABLES[0m
  [4;36;1mSQL (22.5ms)[0m   [0;1mCREATE TABLE `shipments` (`id` int(11) DEFAULT NULL auto_increment PRIMARY KEY, `order_id` int(11), `shipping_method_id` int(11), `tracking` varchar(255), `created_at` datetime, `updated_at` datetime, `number` varchar(255), `cost` decimal(8,2), `shipped_at` datetime, `address_id` int(11)) ENGINE=InnoDB[0m
  [4;35;1mSQL (0.9ms)[0m   [0mSHOW TABLES[0m
  [4;36;1mSQL (4.9ms)[0m   [0;1mCREATE TABLE `shipping_categories` (`id` int(11) DEFAULT NULL auto_increment PRIMARY KEY, `name` varchar(255), `created_at` datetime, `updated_at` datetime) ENGINE=InnoDB[0m
  [4;35;1mSQL (0.9ms)[0m   [0mSHOW TABLES[0m
  [4;36;1mSQL (62.4ms)[0m   [0;1mCREATE TABLE `shipping_methods` (`id` int(11) DEFAULT NULL auto_increment PRIMARY KEY, `zone_id` int(11), `name` varchar(255), `created_at` datetime, `updated_at` datetime) ENGINE=InnoDB[0m
  [4;35;1mSQL (0.9ms)[0m   [0mSHOW TABLES[0m
  [4;36;1mSQL (14.1ms)[0m   [0;1mCREATE TABLE `shipping_rates` (`id` int(11) DEFAULT NULL auto_increment PRIMARY KEY, `shipping_category_id` int(11), `shipping_method_id` int(11)) ENGINE=InnoDB[0m
  [4;35;1mSQL (1.0ms)[0m   [0mSHOW TABLES[0m
  [4;36;1mSQL (26.4ms)[0m   [0;1mCREATE TABLE `state_events` (`id` int(11) DEFAULT NULL auto_increment PRIMARY KEY, `order_id` int(11), `user_id` int(11), `name` varchar(255), `created_at` datetime, `updated_at` datetime, `previous_state` varchar(255)) ENGINE=InnoDB[0m
  [4;35;1mSQL (1.9ms)[0m   [0mSHOW TABLES[0m
  [4;36;1mSQL (32.8ms)[0m   [0;1mCREATE TABLE `states` (`id` int(11) DEFAULT NULL auto_increment PRIMARY KEY, `name` varchar(255), `abbr` varchar(255), `country_id` int(11)) ENGINE=InnoDB[0m
  [4;35;1mSQL (1.4ms)[0m   [0mSHOW TABLES[0m
  [4;36;1mSQL (44.3ms)[0m   [0;1mCREATE TABLE `tax_categories` (`id` int(11) DEFAULT NULL auto_increment PRIMARY KEY, `name` varchar(255), `description` varchar(255), `created_at` datetime, `updated_at` datetime) ENGINE=InnoDB[0m
  [4;35;1mSQL (1.0ms)[0m   [0mSHOW TABLES[0m
  [4;36;1mSQL (6.4ms)[0m   [0;1mCREATE TABLE `tax_rates` (`id` int(11) DEFAULT NULL auto_increment PRIMARY KEY, `zone_id` int(11), `amount` decimal(8,4), `created_at` datetime, `updated_at` datetime, `tax_category_id` int(11)) ENGINE=InnoDB[0m
  [4;35;1mSQL (1.1ms)[0m   [0mSHOW TABLES[0m
  [4;36;1mSQL (56.5ms)[0m   [0;1mCREATE TABLE `taxonomies` (`id` int(11) DEFAULT NULL auto_increment PRIMARY KEY, `name` varchar(255) NOT NULL, `created_at` datetime, `updated_at` datetime) ENGINE=InnoDB[0m
  [4;35;1mSQL (2.0ms)[0m   [0mSHOW TABLES[0m
  [4;36;1mSQL (7.4ms)[0m   [0;1mCREATE TABLE `taxons` (`id` int(11) DEFAULT NULL auto_increment PRIMARY KEY, `taxonomy_id` int(11) NOT NULL, `parent_id` int(11), `position` int(11) DEFAULT 0, `name` varchar(255) NOT NULL, `created_at` datetime, `updated_at` datetime, `permalink` varchar(255)) ENGINE=InnoDB[0m
  [4;35;1mSQL (1.3ms)[0m   [0mSHOW TABLES[0m
  [4;36;1mSQL (40.6ms)[0m   [0;1mCREATE TABLE `users` (`id` int(11) DEFAULT NULL auto_increment PRIMARY KEY, `email` varchar(255), `crypted_password` varchar(128) DEFAULT '' NOT NULL, `salt` varchar(128) DEFAULT '' NOT NULL, `remember_token` varchar(255), `remember_token_expires_at` varchar(255), `created_at` datetime, `updated_at` datetime, `persistence_token` varchar(255), `single_access_token` varchar(255), `perishable_token` varchar(255), `login_count` int(11) DEFAULT 0 NOT NULL, `failed_login_count` int(11) DEFAULT 0 NOT NULL, `last_request_at` datetime, `current_login_at` datetime, `last_login_at` datetime, `current_login_ip` varchar(255), `last_login_ip` varchar(255), `login` varchar(255), `ship_address_id` int(11), `bill_address_id` int(11)) ENGINE=InnoDB[0m
  [4;35;1mSQL (1.1ms)[0m   [0mSHOW TABLES[0m
  [4;36;1mSQL (34.5ms)[0m   [0;1mCREATE TABLE `variants` (`id` int(11) DEFAULT NULL auto_increment PRIMARY KEY, `product_id` int(11), `sku` varchar(255) DEFAULT '' NOT NULL, `price` decimal(8,2) NOT NULL, `weight` decimal(8,2), `height` decimal(8,2), `width` decimal(8,2), `depth` decimal(8,2), `deleted_at` datetime, `is_master` tinyint(1) DEFAULT 0) ENGINE=InnoDB[0m
  [4;35;1mSQL (35.9ms)[0m   [0mCREATE INDEX `index_variants_on_product_id` ON `variants` (`product_id`)[0m
  [4;36;1mSQL (1.2ms)[0m   [0;1mSHOW TABLES[0m
  [4;35;1mSQL (7.6ms)[0m   [0mCREATE TABLE `zone_members` (`id` int(11) DEFAULT NULL auto_increment PRIMARY KEY, `zone_id` int(11), `zoneable_id` int(11), `zoneable_type` varchar(255), `created_at` datetime, `updated_at` datetime) ENGINE=InnoDB[0m
  [4;36;1mSQL (1.2ms)[0m   [0;1mSHOW TABLES[0m
  [4;35;1mSQL (25.9ms)[0m   [0mCREATE TABLE `zones` (`id` int(11) DEFAULT NULL auto_increment PRIMARY KEY, `name` varchar(255), `description` varchar(255), `created_at` datetime, `updated_at` datetime) ENGINE=InnoDB[0m
  [4;36;1mSQL (0.8ms)[0m   [0;1mINSERT INTO schema_migrations (version) VALUES ('20090823005402')[0m
Migrating to CreateIndexesForInventoryUnits (20090904192342)
  [4;35;1mSQL (37.3ms)[0m   [0mCREATE INDEX `index_inventory_units_on_variant_id` ON `inventory_units` (`variant_id`)[0m
  [4;36;1mSQL (33.7ms)[0m   [0;1mCREATE INDEX `index_inventory_units_on_order_id` ON `inventory_units` (`order_id`)[0m
  [4;35;1mSQL (0.6ms)[0m   [0mINSERT INTO schema_migrations (version) VALUES ('20090904192342')[0m
Migrating to AddCountOnHandToVariantsAndProducts (20090923100315)
  [4;36;1mSQL (10.4ms)[0m   [0;1mALTER TABLE `variants` ADD `count_on_hand` int(11) DEFAULT 0 NOT NULL[0m
  [4;35;1mSQL (11.2ms)[0m   [0mALTER TABLE `products` ADD `count_on_hand` int(11) DEFAULT 0 NOT NULL[0m
  [4;36;1mSQL (2.0ms)[0m   [0;1mSHOW TABLES[0m
  [4;35;1mVariant Columns (29.6ms)[0m   [0mSHOW FIELDS FROM `variants`[0m
  [4;36;1mSQL (1.2ms)[0m   [0;1mSHOW TABLES[0m
  [4;35;1mVariant Columns (1.0ms)[0m   [0mSHOW FIELDS FROM `variants`[0m
  [4;36;1mSQL (1.1ms)[0m   [0;1mSHOW TABLES[0m
  [4;35;1mProduct Columns (1.5ms)[0m   [0mSHOW FIELDS FROM `products`[0m
  [4;36;1mVariant Load (0.4ms)[0m   [0;1mSELECT * FROM `variants` [0m
  [4;35;1mProduct Load (0.2ms)[0m   [0mSELECT * FROM `products` [0m
  [4;36;1mSQL (4.0ms)[0m   [0;1mINSERT INTO schema_migrations (version) VALUES ('20090923100315')[0m
Migrating to ChangeTaxonsToNestedSet (20091007134354)
  [4;35;1mSQL (32.0ms)[0m   [0mALTER TABLE `taxons` ADD `lft` int(11)[0m
  [4;36;1mSQL (7.6ms)[0m   [0;1mALTER TABLE `taxons` ADD `rgt` int(11)[0m
  [4;35;1mSQL (1.9ms)[0m   [0mSHOW TABLES[0m
  [4;36;1mProperty Columns (1.2ms)[0m   [0;1mSHOW FIELDS FROM `properties`[0m
  [4;35;1mProperty Load (0.7ms)[0m   [0mSELECT * FROM `properties` WHERE (`properties`.`name` = 'brand') LIMIT 1[0m
  [4;36;1mSQL (1.0ms)[0m   [0;1mSHOW TABLES[0m
  [4;35;1mTaxon Load (0.8ms)[0m   [0mSELECT * FROM `taxons` WHERE (parent_id IS NULL) ORDER BY position ASC[0m
  [4;36;1mSQL (20.5ms)[0m   [0;1mINSERT INTO schema_migrations (version) VALUES ('20091007134354')[0m
Migrating to ProductGroupsAndScopes (20091012120519)
  [4;35;1mSQL (6.5ms)[0m   [0mCREATE TABLE `product_groups` (`id` int(11) DEFAULT NULL auto_increment PRIMARY KEY, `name` varchar(255), `permalink` varchar(255), `order` varchar(255)) ENGINE=InnoDB[0m
  [4;36;1mSQL (17.4ms)[0m   [0;1mCREATE TABLE `product_scopes` (`id` int(11) DEFAULT NULL auto_increment PRIMARY KEY, `product_group_id` int(11), `name` varchar(255), `arguments` text) ENGINE=InnoDB[0m
  [4;35;1mSQL (60.5ms)[0m   [0mCREATE INDEX `index_product_groups_on_name` ON `product_groups` (`name`)[0m
  [4;36;1mSQL (8.6ms)[0m   [0;1mCREATE INDEX `index_product_groups_on_permalink` ON `product_groups` (`permalink`)[0m
  [4;35;1mSQL (7.2ms)[0m   [0mCREATE INDEX `index_product_scopes_on_name` ON `product_scopes` (`name`)[0m
  [4;36;1mSQL (27.5ms)[0m   [0;1mCREATE INDEX `index_product_scopes_on_product_group_id` ON `product_scopes` (`product_group_id`)[0m
  [4;35;1mSQL (1.4ms)[0m   [0mINSERT INTO schema_migrations (version) VALUES ('20091012120519')[0m
Migrating to AddOpenIdAuthenticationTables (20091015110842)
  [4;36;1mSQL (2.4ms)[0m   [0;1mSHOW TABLES[0m
  [4;35;1mSQL (7.3ms)[0m   [0mCREATE TABLE `open_id_authentication_associations` (`id` int(11) DEFAULT NULL auto_increment PRIMARY KEY, `issued` int(11), `lifetime` int(11), `handle` varchar(255), `assoc_type` varchar(255), `server_url` blob, `secret` blob) ENGINE=InnoDB[0m
  [4;36;1mSQL (1.3ms)[0m   [0;1mSHOW TABLES[0m
  [4;35;1mSQL (50.4ms)[0m   [0mCREATE TABLE `open_id_authentication_nonces` (`id` int(11) DEFAULT NULL auto_increment PRIMARY KEY, `timestamp` int(11) NOT NULL, `server_url` varchar(255), `salt` varchar(255) NOT NULL) ENGINE=InnoDB[0m
  [4;36;1mSQL (0.9ms)[0m   [0;1mINSERT INTO schema_migrations (version) VALUES ('20091015110842')[0m
Migrating to AddOpenidFieldToUsers (20091015153048)
  [4;35;1mSQL (54.8ms)[0m   [0mALTER TABLE `users` ADD `openid_identifier` varchar(255)[0m
  [4;36;1mSQL (34.8ms)[0m   [0;1mCREATE INDEX `index_users_on_openid_identifier` ON `users` (`openid_identifier`)[0m
  [4;35;1mSQL (2.2ms)[0m   [0mSHOW FIELDS FROM `users`[0m
  [4;36;1mSQL (63.4ms)[0m   [0;1mALTER TABLE `users` CHANGE `login` `login` varchar(255) DEFAULT NULL[0m
  [4;35;1mSQL (1.7ms)[0m   [0mSHOW FIELDS FROM `users`[0m
  [4;36;1mSQL (45.8ms)[0m   [0;1mALTER TABLE `users` CHANGE `crypted_password` `crypted_password` varchar(255) DEFAULT NULL[0m
  [4;35;1mSQL (2.1ms)[0m   [0mSHOW FIELDS FROM `users`[0m
  [4;36;1mSQL (24.1ms)[0m   [0;1mALTER TABLE `users` CHANGE `salt` `salt` varchar(255) DEFAULT NULL[0m
  [4;35;1mSQL (0.8ms)[0m   [0mINSERT INTO schema_migrations (version) VALUES ('20091015153048')[0m
Migrating to ChangePreferenceValueType (20091016174634)
  [4;36;1mSQL (1.6ms)[0m   [0;1mSHOW FIELDS FROM `preferences`[0m
  [4;35;1mSQL (10.0ms)[0m   [0mALTER TABLE `preferences` CHANGE `value` `value` text DEFAULT NULL[0m
  [4;36;1mSQL (0.5ms)[0m   [0;1mINSERT INTO schema_migrations (version) VALUES ('20091016174634')[0m
Migrating to CreateBillingIntegrations (20091017175558)
  [4;35;1mSQL (12.2ms)[0m   [0mCREATE TABLE `billing_integrations` (`id` int(11) DEFAULT NULL auto_increment PRIMARY KEY, `type` varchar(255), `name` varchar(255), `description` text, `active` tinyint(1) DEFAULT 1, `environment` varchar(255) DEFAULT 'development', `created_at` datetime, `updated_at` datetime) ENGINE=InnoDB[0m
  [4;36;1mSQL (0.5ms)[0m   [0;1mINSERT INTO schema_migrations (version) VALUES ('20091017175558')[0m
Migrating to ChargeRefactoring (20091021133257)
  [4;35;1mSQL (23.6ms)[0m   [0mALTER TABLE `orders` ADD `completed_at` datetime[0m
  [4;36;1mChargeRefactoring::Order Load (0.3ms)[0m   [0;1mSELECT * FROM `orders` [0m
  [4;35;1mSQL (13.2ms)[0m   [0mALTER TABLE `checkouts` DROP `completed_at`[0m
  [4;36;1mSQL (26.0ms)[0m   [0;1mSHOW FIELDS FROM `adjustments`[0m
  [4;35;1mSQL (18.6ms)[0m   [0mALTER TABLE `adjustments` CHANGE `amount` `amount` decimal(8,2) DEFAULT NULL[0m
  [4;36;1mAdjustment Update (0.5ms)[0m   [0;1mUPDATE `adjustments` SET type = secondary_type [0m
  [4;35;1mAdjustment Update (0.2ms)[0m   [0mUPDATE `adjustments` SET type = 'CouponCredit' WHERE (type = 'Credit') [0m
  [4;36;1mSQL (60.9ms)[0m   [0;1mALTER TABLE `adjustments` DROP `secondary_type`[0m
  [4;35;1mSQL (1.9ms)[0m   [0mINSERT INTO schema_migrations (version) VALUES ('20091021133257')[0m
Migrating to AddSomeIndexes (20091104151730)
  [4;36;1mSQL (9.1ms)[0m   [0;1mCREATE INDEX `index_taxons_on_permalink` ON `taxons` (`permalink`)[0m
  [4;35;1mSQL (32.2ms)[0m   [0mCREATE INDEX `index_taxons_on_parent_id` ON `taxons` (`parent_id`)[0m
  [4;36;1mSQL (41.8ms)[0m   [0;1mCREATE INDEX `index_taxons_on_taxonomy_id` ON `taxons` (`taxonomy_id`)[0m
  [4;35;1mSQL (22.6ms)[0m   [0mCREATE INDEX `index_assets_on_viewable_id` ON `assets` (`viewable_id`)[0m
  [4;36;1mSQL (41.9ms)[0m   [0;1mCREATE INDEX `index_assets_on_viewable_type_and_type` ON `assets` (`viewable_type`, `type`)[0m
  [4;35;1mSQL (22.2ms)[0m   [0mCREATE INDEX `index_product_properties_on_product_id` ON `product_properties` (`product_id`)[0m
  [4;36;1mSQL (63.7ms)[0m   [0;1mCREATE INDEX `index_option_values_variants_on_variant_id_and_option_value_id` ON `option_values_variants` (`variant_id`, `option_value_id`)[0m
  [4;35;1mSQL (0.5ms)[0m   [0mINSERT INTO schema_migrations (version) VALUES ('20091104151730')[0m
Migrating to CheckoutStateMachine (20091126190904)
  [4;36;1mSQL (37.2ms)[0m   [0;1mALTER TABLE `checkouts` ADD `state` varchar(255)[0m
  [4;35;1mSQL (0.5ms)[0m   [0mINSERT INTO schema_migrations (version) VALUES ('20091126190904')[0m
Migrating to StateForShipments (20091209153045)
  [4;36;1mSQL (38.8ms)[0m   [0;1mALTER TABLE `shipments` ADD `state` varchar(255)[0m
  [4;35;1mSQL (8.5ms)[0m   [0mINSERT INTO schema_migrations (version) VALUES ('20091209153045')[0m
Migrating to MakeStateEventsPolymorphic (20091209202200)
  [4;36;1mSQL (1.6ms)[0m   [0;1mSHOW FIELDS FROM `state_events`[0m
  [4;35;1mSQL (0.8ms)[0m   [0mSHOW COLUMNS FROM `state_events` LIKE 'order_id'[0m
  [4;36;1mSQL (48.2ms)[0m   [0;1mALTER TABLE `state_events` CHANGE `order_id` `stateful_id` int(11) DEFAULT NULL[0m
  [4;35;1mSQL (27.0ms)[0m   [0mALTER TABLE `state_events` ADD `stateful_type` varchar(255)[0m
  [4;36;1mStateEvent Update (0.4ms)[0m   [0;1mUPDATE `state_events` SET `stateful_type` = 'Order' [0m
  [4;35;1mSQL (2.6ms)[0m   [0mINSERT INTO schema_migrations (version) VALUES ('20091209202200')[0m
Migrating to ShipAddressIdForCheckouts (20091211203813)
  [4;36;1mSQL (31.1ms)[0m   [0;1mALTER TABLE `checkouts` ADD `ship_address_id` int(11)[0m
  [4;35;1mSQL (0.5ms)[0m   [0mINSERT INTO schema_migrations (version) VALUES ('20091211203813')[0m
Migrating to ShippingMethodIdForCheckouts (20091212161118)
  [4;36;1mSQL (45.2ms)[0m   [0;1mALTER TABLE `checkouts` ADD `shipping_method_id` int(11)[0m
  [4;35;1mSQL (6.5ms)[0m   [0mINSERT INTO schema_migrations (version) VALUES ('20091212161118')[0m
Migrating to CreditcardLastFourDigits (20091213222815)
  [4;36;1mSQL (9.9ms)[0m   [0;1mSHOW FIELDS FROM `creditcards`[0m
  [4;35;1mSQL (1.6ms)[0m   [0mSHOW COLUMNS FROM `creditcards` LIKE 'display_number'[0m
  [4;36;1mSQL (80.3ms)[0m   [0;1mALTER TABLE `creditcards` CHANGE `display_number` `last_digits` varchar(255) DEFAULT NULL[0m
  [4;35;1mCreditcardLastFourDigits::Creditcard Load (0.4ms)[0m   [0mSELECT * FROM `creditcards` [0m
  [4;36;1mSQL (3.3ms)[0m   [0;1mINSERT INTO schema_migrations (version) VALUES ('20091213222815')[0m
Migrating to PopulateLegacyShipmentState (20091214183826)
  [4;35;1mPopulateLegacyShipmentState::Shipment Load (0.5ms)[0m   [0mSELECT * FROM `shipments` [0m
  [4;36;1mSQL (0.6ms)[0m   [0;1mINSERT INTO schema_migrations (version) VALUES ('20091214183826')[0m
Migrating to AddCostPrice (20100105090147)
  [4;35;1mSQL (34.1ms)[0m   [0mALTER TABLE `variants` ADD `cost_price` decimal(8,2) DEFAULT NULL[0m
  [4;36;1mSQL (0.6ms)[0m   [0;1mINSERT INTO schema_migrations (version) VALUES ('20100105090147')[0m
Migrating to ShipmentIdForInventoryUnits (20100105132138)
  [4;35;1mSQL (42.6ms)[0m   [0mALTER TABLE `inventory_units` ADD `shipment_id` int(11)[0m
  [4;36;1mSQL (20.7ms)[0m   [0;1mCREATE INDEX `index_inventory_units_on_shipment_id` ON `inventory_units` (`shipment_id`)[0m
  [4;35;1mShipment Load (0.1ms)[0m   [0mSELECT * FROM `shipments` [0m
  [4;36;1mSQL (2.8ms)[0m   [0;1mINSERT INTO schema_migrations (version) VALUES ('20100105132138')[0m
Migrating to CimFieldsForCreditcards (20100111205525)
  [4;35;1mSQL (19.7ms)[0m   [0mALTER TABLE `creditcards` ADD `gateway_customer_profile_id` varchar(255)[0m
  [4;36;1mSQL (31.4ms)[0m   [0;1mALTER TABLE `creditcards` ADD `gateway_payment_profile_id` varchar(255)[0m
  [4;35;1mSQL (4.0ms)[0m   [0mINSERT INTO schema_migrations (version) VALUES ('20100111205525')[0m
Migrating to CreateReturnAuthorizations (20100112151511)
  [4;36;1mSQL (56.0ms)[0m   [0;1mCREATE TABLE `return_authorizations` (`id` int(11) DEFAULT NULL auto_increment PRIMARY KEY, `number` varchar(255), `amount` decimal(8,2) DEFAULT 0.0 NOT NULL, `order_id` int(11), `reason` text, `state` varchar(255), `created_at` datetime, `updated_at` datetime) ENGINE=InnoDB[0m
  [4;35;1mSQL (0.5ms)[0m   [0mINSERT INTO schema_migrations (version) VALUES ('20100112151511')[0m
Migrating to AddReturnAuthorizationToInventoryUnits (20100113090919)
  [4;36;1mSQL (90.5ms)[0m   [0;1mALTER TABLE `inventory_units` ADD `return_authorization_id` int(11)[0m
  [4;35;1mSQL (0.5ms)[0m   [0mINSERT INTO schema_migrations (version) VALUES ('20100113090919')[0m
Migrating to CreateTrackers (20100113203104)
  [4;36;1mSQL (55.7ms)[0m   [0;1mCREATE TABLE `trackers` (`id` int(11) DEFAULT NULL auto_increment PRIMARY KEY, `environment` varchar(255), `analytics_id` varchar(255), `active` tinyint(1) DEFAULT 1, `created_at` datetime, `updated_at` datetime) ENGINE=InnoDB[0m
  [4;35;1mSQL (2.4ms)[0m   [0mINSERT INTO schema_migrations (version) VALUES ('20100113203104')[0m
Migrating to CreditcardIdForCreditcardTxns (20100121160010)
  [4;36;1mSQL (22.5ms)[0m   [0;1mALTER TABLE `creditcard_txns` ADD `creditcard_id` int(11)[0m
  [4;35;1mSQL (0.8ms)[0m   [0mINSERT INTO schema_migrations (version) VALUES ('20100121160010')[0m
Migrating to OriginalCreditcardTxnIdForCreditcardTxns (20100121183934)
  [4;36;1mSQL (19.0ms)[0m   [0;1mALTER TABLE `creditcard_txns` ADD `original_creditcard_txn_id` int(11)[0m
  [4;35;1mSQL (0.5ms)[0m   [0mINSERT INTO schema_migrations (version) VALUES ('20100121183934')[0m
Migrating to AddTestModeToBillingIntegration (20100125145351)
  [4;36;1mSQL (21.4ms)[0m   [0;1mALTER TABLE `billing_integrations` ADD `test_mode` tinyint(1) DEFAULT 1[0m
  [4;35;1mSQL (24.3ms)[0m   [0mALTER TABLE `billing_integrations` ADD `server` varchar(255) DEFAULT 'test'[0m
  [4;36;1mSQL (0.5ms)[0m   [0;1mINSERT INTO schema_migrations (version) VALUES ('20100125145351')[0m
Migrating to CreateProductsProductGroups (20100126103714)
  [4;35;1mSQL (29.3ms)[0m   [0mCREATE TABLE `product_groups_products` (`product_id` int(11), `product_group_id` int(11)) ENGINE=InnoDB[0m
  [4;36;1mSQL (4.1ms)[0m   [0;1mINSERT INTO schema_migrations (version) VALUES ('20100126103714')[0m
Migrating to CreatePaymentMethods (20100209025806)
  [4;35;1mSQL (26.7ms)[0m   [0mCREATE TABLE `payment_methods` (`id` int(11) DEFAULT NULL auto_increment PRIMARY KEY, `type` varchar(255), `name` varchar(255), `description` text, `active` tinyint(1) DEFAULT 1, `environment` varchar(255) DEFAULT 'development', `created_at` datetime, `updated_at` datetime) ENGINE=InnoDB[0m
  [4;36;1mSQL (10.2ms)[0m   [0;1mINSERT INTO schema_migrations (version) VALUES ('20100209025806')[0m
Migrating to PolymorphicPayments (20100209144531)
  [4;35;1mSQL (37.5ms)[0m   [0mALTER TABLE `payments` DROP `type`[0m
  [4;36;1mSQL (12.3ms)[0m   [0;1mALTER TABLE `payments` DROP `creditcard_id`[0m
  [4;35;1mSQL (1.0ms)[0m   [0mSHOW FIELDS FROM `payments`[0m
  [4;36;1mSQL (0.6ms)[0m   [0;1mSHOW COLUMNS FROM `payments` LIKE 'order_id'[0m
  [4;35;1mSQL (20.2ms)[0m   [0mALTER TABLE `payments` CHANGE `order_id` `payable_id` int(11) DEFAULT NULL[0m
  [4;36;1mSQL (9.6ms)[0m   [0;1mALTER TABLE `payments` ADD `payable_type` varchar(255)[0m
  [4;35;1mSQL (43.1ms)[0m   [0mALTER TABLE `payments` ADD `payment_method` varchar(255)[0m
  [4;36;1mSQL (16.4ms)[0m   [0;1mALTER TABLE `payments` ADD `source_id` int(11)[0m
  [4;35;1mSQL (24.6ms)[0m   [0mALTER TABLE `payments` ADD `source_type` varchar(255)[0m
  [4;36;1mSQL (0.3ms)[0m   [0;1mUPDATE payments SET payable_type = 'Order'[0m
  [4;35;1mCreditcard Load (0.3ms)[0m   [0mSELECT * FROM `creditcards` [0m
  [4;36;1mSQL (8.5ms)[0m   [0;1mALTER TABLE `creditcards` DROP `checkout_id`[0m
  [4;35;1mSQL (0.6ms)[0m   [0mINSERT INTO schema_migrations (version) VALUES ('20100209144531')[0m
Migrating to ChangePaymentsPaymentMethodToBelongsTo (20100213103131)
  [4;36;1mSQL (16.3ms)[0m   [0;1mALTER TABLE `payments` DROP `payment_method`[0m
  [4;35;1mSQL (11.8ms)[0m   [0mALTER TABLE `payments` ADD `payment_method_id` int(11)[0m
  [4;36;1mSQL (0.5ms)[0m   [0;1mINSERT INTO schema_migrations (version) VALUES ('20100213103131')[0m
Migrating to AssignCreditcardTxnsToPayment (20100214212536)
  [4;35;1mSQL (14.6ms)[0m   [0mALTER TABLE `creditcard_txns` ADD `payment_id` int(11)[0m
  [4;36;1mSQL (0.3ms)[0m   [0;1mSELECT * FROM creditcard_txns[0m
  [4;35;1mSQL (14.4ms)[0m   [0mALTER TABLE `creditcard_txns` DROP `creditcard_payment_id`[0m
  [4;36;1mSQL (1.3ms)[0m   [0;1mINSERT INTO schema_migrations (version) VALUES ('20100214212536')[0m
Migrating to StiForTransactions (20100223170312)
  [4;35;1mSQL (7.6ms)[0m   [0mRENAME TABLE `creditcard_txns` TO `transactions`[0m
  [4;36;1mSQL (25.1ms)[0m   [0;1mALTER TABLE `transactions` ADD `type` varchar(255)[0m
  [4;35;1mSQL (11.4ms)[0m   [0mALTER TABLE `transactions` DROP `creditcard_id`[0m
  [4;36;1mTransaction Update (0.4ms)[0m   [0;1mUPDATE `transactions` SET `type` = 'CreditcardTxn' [0m
  [4;35;1mSQL (3.1ms)[0m   [0mINSERT INTO schema_migrations (version) VALUES ('20100223170312')[0m
Migrating to DropBillingIntegrations (20100223183812)
  [4;36;1mSQL (1.7ms)[0m   [0;1mDROP TABLE `billing_integrations`[0m
  [4;35;1mSQL (0.5ms)[0m   [0mINSERT INTO schema_migrations (version) VALUES ('20100223183812')[0m
Migrating to DeletedAtForPaymentMethods (20100224153127)
  [4;36;1mSQL (39.1ms)[0m   [0;1mALTER TABLE `payment_methods` ADD `deleted_at` datetime DEFAULT NULL[0m
  [4;35;1mSQL (0.6ms)[0m   [0mINSERT INTO schema_migrations (version) VALUES ('20100224153127')[0m
Migrating to AddAdjustmentsIndex (20100301163454)
  [4;36;1mSQL (25.1ms)[0m   [0;1mCREATE INDEX `index_adjustments_on_order_id` ON `adjustments` (`order_id`)[0m
  [4;35;1mSQL (0.5ms)[0m   [0mINSERT INTO schema_migrations (version) VALUES ('20100301163454')[0m
Migrating to FixByPopularity (20100306153445)
  [4;36;1mProductScope Update (12.2ms)[0m   [0;1mUPDATE `product_scopes` SET name='descend_by_popularity' WHERE (name='by_popularity') [0m
  [4;35;1mSQL (13.4ms)[0m   [0mINSERT INTO schema_migrations (version) VALUES ('20100306153445')[0m
  [4;36;1mSQL (1.5ms)[0m   [0;1mSHOW TABLES[0m
  [4;35;1mSQL (0.4ms)[0m   [0mSELECT version FROM schema_migrations[0m
Migrating to MoveToConfigurableGateways (20091008091614)
  [4;36;1mSQL (4.1ms)[0m   [0;1mDROP TABLE `gateways`[0m
  [4;35;1mSQL (9.5ms)[0m   [0mDROP TABLE `gateway_options`[0m
  [4;36;1mSQL (1.6ms)[0m   [0;1mDROP TABLE `gateway_option_values`[0m
  [4;35;1mSQL (1.2ms)[0m   [0mDROP TABLE `gateway_configurations`[0m
  [4;36;1mSQL (1.9ms)[0m   [0;1mSHOW TABLES[0m
  [4;35;1mSQL (6.2ms)[0m   [0mCREATE TABLE `gateways` (`id` int(11) DEFAULT NULL auto_increment PRIMARY KEY, `type` varchar(255), `name` varchar(255), `description` text, `active` tinyint(1) DEFAULT 1, `environment` varchar(255) DEFAULT 'development', `server` varchar(255) DEFAULT 'test', `test_mode` tinyint(1) DEFAULT 1, `created_at` datetime, `updated_at` datetime) ENGINE=InnoDB[0m
  [4;36;1mSQL (0.5ms)[0m   [0;1mINSERT INTO schema_migrations (version) VALUES ('20091008091614')[0m
  [4;35;1mSQL (5.1ms)[0m   [0mSHOW TABLES[0m
  [4;36;1mSQL (2.3ms)[0m   [0;1mSHOW TABLES[0m
  [4;35;1mSQL (2.3ms)[0m   [0mSHOW TABLES[0m
  [4;36;1mSQL (0.4ms)[0m   [0;1mSELECT version FROM schema_migrations[0m
Migrating to AddApiKeyToUsers (20100107141738)
  [4;35;1mSQL (19.9ms)[0m   [0mALTER TABLE `users` ADD `api_key` varchar(40)[0m
  [4;36;1mSQL (0.7ms)[0m   [0;1mINSERT INTO schema_migrations (version) VALUES ('20100107141738')[0m
  [4;35;1mSQL (1.2ms)[0m   [0mSHOW TABLES[0m
  [4;36;1mSQL (1.1ms)[0m   [0;1mSHOW TABLES[0m
  [4;35;1mSQL (1.4ms)[0m   [0mSHOW TABLES[0m
  [4;36;1mSQL (1.1ms)[0m   [0;1mSHOW TABLES[0m
  [4;35;1mSQL (0.2ms)[0m   [0mSELECT version FROM schema_migrations[0m
Migrating to MoveToConfigurableGateways (20091008091614)
  [4;36;1mSQL (1.1ms)[0m   [0;1mSHOW TABLES[0m
  [4;35;1mSQL (1.0ms)[0m   [0mSHOW TABLES[0m
  [4;36;1mSQL (1.0ms)[0m   [0;1mSHOW TABLES[0m
  [4;35;1mSQL (0.0ms)[0m   [0mSELECT version FROM schema_migrations[0m
Migrating to AddApiKeyToUsers (20100107141738)
  [4;36;1mSQL (1.1ms)[0m   [0;1mSHOW TABLES[0m
  [4;35;1mSQL (1.1ms)[0m   [0mSHOW TABLES[0m
INFO: Mirroring assets from /usr/lib/ruby/gems/1.8/gems/spree-0.10.2/vendor/extensions/localization/public to /home/alexkobyakov/work/htest/smallapp/public
INFO: Mirroring assets from /usr/lib/ruby/gems/1.8/gems/spree-0.10.2/vendor/extensions/theme_default/public to /home/alexkobyakov/work/htest/smallapp/public
INFO: Mirroring assets from /usr/lib/ruby/gems/1.8/gems/spree-0.10.2/vendor/extensions/overview_dashboard/public to /home/alexkobyakov/work/htest/smallapp/public
INFO: Mirroring assets from /usr/lib/ruby/gems/1.8/gems/spree-0.10.2/vendor/extensions/payment_gateway/public to /home/alexkobyakov/work/htest/smallapp/public
INFO: Mirroring assets from /home/alexkobyakov/work/htest/smallapp/vendor/extensions/site/public to /home/alexkobyakov/work/htest/smallapp/public
INFO: Loading mail preferences
  [4;36;1mSQL (0.4ms)[0m   [0;1mSET SQL_AUTO_IS_NULL=0[0m
  [4;35;1mSQL (1.7ms)[0m   [0mSHOW TABLES[0m
  [4;36;1mAppConfiguration Columns (2.7ms)[0m   [0;1mSHOW FIELDS FROM `configurations`[0m
  [4;35;1mAppConfiguration Load (3.2ms)[0m   [0mSELECT * FROM `configurations` WHERE (`configurations`.`name` = 'Default configuration') AND ( (`configurations`.`type` = 'AppConfiguration' ) ) LIMIT 1[0m
  [4;36;1mSQL (0.2ms)[0m   [0;1mBEGIN[0m
  [4;35;1mAppConfiguration Load (0.7ms)[0m   [0mSELECT `configurations`.id FROM `configurations` WHERE (`configurations`.`name` = BINARY 'Default configuration') AND ( (`configurations`.`type` = 'AppConfiguration' ) ) LIMIT 1[0m
  [4;36;1mAppConfiguration Create (0.2ms)[0m   [0;1mINSERT INTO `configurations` (`name`, `created_at`, `updated_at`, `type`) VALUES('Default configuration', '2010-06-28 07:17:36', '2010-06-28 07:17:36', 'AppConfiguration')[0m
  [4;35;1mSQL (2.5ms)[0m   [0mCOMMIT[0m
  [4;36;1mPreference Load (0.8ms)[0m   [0;1mSELECT * FROM `preferences` WHERE (`preferences`.owner_id = 1 AND `preferences`.owner_type = 'Configuration' AND (`preferences`.`attribute` = 'enable_mail_delivery' AND `preferences`.`group_id` IS NULL AND `preferences`.`group_type` IS NULL)) LIMIT 1[0m
NOTICE: Mail not enabled
  [4;35;1mSQL (1.5ms)[0m   [0mSHOW TABLES[0m
  [4;36;1mUser Columns (2.0ms)[0m   [0;1mSHOW FIELDS FROM `users`[0m
  [4;35;1mSQL (1.3ms)[0m   [0mSHOW TABLES[0m
  [4;36;1mSQL (1.3ms)[0m   [0;1mSHOW TABLES[0m
  [4;35;1mSQL (1.2ms)[0m   [0mSHOW TABLES[0m
  [4;36;1mSQL (1.1ms)[0m   [0;1mSHOW TABLES[0m
  [4;35;1mSQL (1.1ms)[0m   [0mSHOW TABLES[0m
  [4;36;1mSQL (1.4ms)[0m   [0;1mSHOW TABLES[0m
INFO: Loading initializer /home/alexkobyakov/work/htest/smallapp/vendor/extensions/site/config/initializers/session_store.rb
  [4;35;1mOrder Columns (1.8ms)[0m   [0mSHOW FIELDS FROM `orders`[0m
INFO: Loading routes from /usr/lib/ruby/gems/1.8/gems/spree-0.10.2/vendor/extensions/localization/config/routes.rb
INFO: Loading routes from /usr/lib/ruby/gems/1.8/gems/spree-0.10.2/vendor/extensions/api/config/routes.rb
INFO: Loading routes from /usr/lib/ruby/gems/1.8/gems/spree-0.10.2/vendor/extensions/overview_dashboard/config/routes.rb
INFO: Loading routes from /usr/lib/ruby/gems/1.8/gems/spree-0.10.2/vendor/extensions/payment_gateway/config/routes.rb
INFO: Loading routes from /home/alexkobyakov/work/htest/smallapp/vendor/extensions/site/config/routes.rb
  [4;36;1mSQL (3.0ms)[0m   [0;1mSET SQL_AUTO_IS_NULL=0[0m
  [4;35;1mSQL (10.2ms)[0m   [0mSHOW TABLES[0m
  [4;36;1mRole Columns (13.9ms)[0m   [0;1mSHOW FIELDS FROM `roles`[0m
  [4;35;1mUser Load IDs For Limited Eager Loading (19.0ms)[0m   [0mSELECT DISTINCT `users`.id FROM `users` LEFT OUTER JOIN `roles_users` ON `roles_users`.user_id = `users`.id LEFT OUTER JOIN `roles` ON `roles`.id = `roles_users`.role_id WHERE (roles.name = 'admin') LIMIT 1[0m
  [4;36;1mSQL (2.9ms)[0m   [0;1mSHOW TABLES[0m
  [4;35;1mUser Columns (20.5ms)[0m   [0mSHOW FIELDS FROM `users`[0m
  [4;36;1mSQL (1.3ms)[0m   [0;1mSHOW TABLES[0m
  [4;35;1mSQL (1.3ms)[0m   [0mSHOW TABLES[0m
  [4;36;1mSQL (1.2ms)[0m   [0;1mSHOW TABLES[0m
  [4;35;1mSQL (1.0ms)[0m   [0mSHOW TABLES[0m
  [4;36;1mSQL (1.1ms)[0m   [0;1mSHOW TABLES[0m
  [4;35;1mSQL (1.5ms)[0m   [0mSHOW TABLES[0m
  [4;36;1mSQL (0.1ms)[0m   [0;1mSET SQL_AUTO_IS_NULL=0[0m
  [4;35;1mOrder Columns (8.6ms)[0m   [0mSHOW FIELDS FROM `orders`[0m


Processing UsersController#new (for 127.0.0.1 at 2010-06-28 00:17:47) [GET]
  Parameters: {"action"=>"new", "controller"=>"users"}
  [4;36;1mSQL (1.3ms)[0m   [0;1mSHOW TABLES[0m
  [4;35;1mAppConfiguration Columns (1.2ms)[0m   [0mSHOW FIELDS FROM `configurations`[0m
  [4;36;1mAppConfiguration Load (8.3ms)[0m   [0;1mSELECT * FROM `configurations` WHERE (`configurations`.`name` = 'Default configuration') AND ( (`configurations`.`type` = 'AppConfiguration' ) ) LIMIT 1[0m
Cache miss: Spree::Config ({})
  [4;35;1mPreference Load (0.4ms)[0m   [0mSELECT * FROM `preferences` WHERE (`preferences`.owner_id = 1 AND `preferences`.owner_type = 'Configuration') [0m
Cache write (will save 9.21ms): Spree::Config
Cache hit: Spree::Config ({})
  [4;36;1mRole Columns (1.3ms)[0m   [0;1mSHOW FIELDS FROM `roles`[0m
  [4;35;1mUser Load IDs For Limited Eager Loading (0.1ms)[0m   [0mSELECT DISTINCT `users`.id FROM `users` LEFT OUTER JOIN `roles_users` ON `roles_users`.user_id = `users`.id LEFT OUTER JOIN `roles` ON `roles`.id = `roles_users`.role_id WHERE (roles.name = 'admin') LIMIT 1[0m
Rendering template within layouts/spree_application
Rendering users/new
Cache hit: Spree::Config ({})
Cache hit: Spree::Config ({})
Cache hit: Spree::Config ({})
Cache hit: Spree::Config ({})
Cache hit: Spree::Config ({})
Cache hit: Spree::Config ({})
Rendered shared/_user_form (22.5ms)
Cache hit: Spree::Config ({})
Cache hit: Spree::Config ({})
Cache hit: Spree::Config ({})
Rendered shared/_head (3.2ms)
  [4;36;1mSQL (1.7ms)[0m   [0;1mSHOW TABLES[0m
  [4;35;1mVariant Columns (24.7ms)[0m   [0mSHOW FIELDS FROM `variants`[0m
  [4;36;1mSQL (1.4ms)[0m   [0;1mSHOW TABLES[0m
  [4;35;1mSQL (2.0ms)[0m   [0mSHOW TABLES[0m
  [4;36;1mProduct Columns (5.5ms)[0m   [0;1mSHOW FIELDS FROM `products`[0m
  [4;35;1mSQL (1.5ms)[0m   [0mSHOW TABLES[0m
  [4;36;1mProperty Columns (1.0ms)[0m   [0;1mSHOW FIELDS FROM `properties`[0m
  [4;35;1mProperty Load (1.4ms)[0m   [0mSELECT * FROM `properties` WHERE (`properties`.`name` = 'brand') LIMIT 1[0m
  [4;36;1mSQL (1.4ms)[0m   [0;1mSHOW TABLES[0m
  [4;35;1mTaxon Load (0.9ms)[0m   [0mSELECT * FROM `taxons` WHERE (`taxons`.`parent_id` IS NULL) ORDER BY `lft`[0m
Rendered shared/_search (674.5ms)
Rendered shared/_login_bar (1.6ms)
Rendered shared/_store_menu (1.3ms)
Rendered shared/_nav_bar (693.6ms)
Cache hit: Spree::Config ({})
Cache hit: Spree::Config ({})
Rendered shared/_language_bar (47.5ms)
  [4;36;1mTracker Load (0.7ms)[0m   [0;1mSELECT * FROM `trackers` WHERE (`trackers`.`environment` = 'development' AND `trackers`.`active` = 1) LIMIT 1[0m
Rendered shared/_google_analytics (67.9ms)
Rendered shared/_footer (244.5ms)
Completed in 1988ms (View: 1409, DB: 63) | 200 OK [http://0.0.0.0/users/new]
  [4;35;1mSQL (1.2ms)[0m   [0mSHOW TABLES[0m
  [4;36;1mUser Columns (1.6ms)[0m   [0;1mSHOW FIELDS FROM `users`[0m
  [4;35;1mSQL (1.3ms)[0m   [0mSHOW TABLES[0m
  [4;36;1mSQL (1.6ms)[0m   [0;1mSHOW TABLES[0m
  [4;35;1mSQL (1.3ms)[0m   [0mSHOW TABLES[0m
  [4;36;1mSQL (1.5ms)[0m   [0;1mSHOW TABLES[0m
  [4;35;1mSQL (1.3ms)[0m   [0mSHOW TABLES[0m
  [4;36;1mSQL (1.5ms)[0m   [0;1mSHOW TABLES[0m
  [4;35;1mSQL (28.6ms)[0m   [0mSET SQL_AUTO_IS_NULL=0[0m
  [4;36;1mOrder Columns (1.3ms)[0m   [0;1mSHOW FIELDS FROM `orders`[0m
  [4;35;1mSQL (1.4ms)[0m   [0mSHOW TABLES[0m
  [4;36;1mRole Columns (0.8ms)[0m   [0;1mSHOW FIELDS FROM `roles`[0m
  [4;35;1mUser Load IDs For Limited Eager Loading (0.1ms)[0m   [0mSELECT DISTINCT `users`.id FROM `users` LEFT OUTER JOIN `roles_users` ON `roles_users`.user_id = `users`.id LEFT OUTER JOIN `roles` ON `roles`.id = `roles_users`.role_id WHERE (roles.name = 'admin') LIMIT 1[0m
  [4;36;1mSQL (1.2ms)[0m   [0;1mSHOW TABLES[0m
  [4;35;1mUser Columns (1.5ms)[0m   [0mSHOW FIELDS FROM `users`[0m
  [4;36;1mSQL (4.4ms)[0m   [0;1mSHOW TABLES[0m
  [4;35;1mSQL (1.5ms)[0m   [0mSHOW TABLES[0m
  [4;36;1mSQL (1.2ms)[0m   [0;1mSHOW TABLES[0m
  [4;35;1mSQL (1.1ms)[0m   [0mSHOW TABLES[0m
  [4;36;1mSQL (1.1ms)[0m   [0;1mSHOW TABLES[0m
  [4;35;1mSQL (1.3ms)[0m   [0mSHOW TABLES[0m
  [4;36;1mSQL (0.1ms)[0m   [0;1mSET SQL_AUTO_IS_NULL=0[0m
  [4;35;1mOrder Columns (1.4ms)[0m   [0mSHOW FIELDS FROM `orders`[0m


Processing UsersController#new (for 127.0.0.1 at 2010-06-28 00:17:54) [GET]
  Parameters: {"action"=>"new", "controller"=>"users"}
  [4;36;1mSQL (1.4ms)[0m   [0;1mSHOW TABLES[0m
  [4;35;1mAppConfiguration Columns (1.0ms)[0m   [0mSHOW FIELDS FROM `configurations`[0m
  [4;36;1mAppConfiguration Load (0.1ms)[0m   [0;1mSELECT * FROM `configurations` WHERE (`configurations`.`name` = 'Default configuration') AND ( (`configurations`.`type` = 'AppConfiguration' ) ) LIMIT 1[0m
Cache hit: Spree::Config ({})
Cache hit: Spree::Config ({})
  [4;35;1mRole Columns (0.9ms)[0m   [0mSHOW FIELDS FROM `roles`[0m
  [4;36;1mUser Load IDs For Limited Eager Loading (0.1ms)[0m   [0;1mSELECT DISTINCT `users`.id FROM `users` LEFT OUTER JOIN `roles_users` ON `roles_users`.user_id = `users`.id LEFT OUTER JOIN `roles` ON `roles`.id = `roles_users`.role_id WHERE (roles.name = 'admin') LIMIT 1[0m
Rendering template within layouts/spree_application
Rendering users/new
Cache hit: Spree::Config ({})
Cache hit: Spree::Config ({})
Cache hit: Spree::Config ({})
Cache hit: Spree::Config ({})
Cache hit: Spree::Config ({})
Cache hit: Spree::Config ({})
Rendered shared/_user_form (13.2ms)
Cache hit: Spree::Config ({})
Cache hit: Spree::Config ({})
Cache hit: Spree::Config ({})
Rendered shared/_head (9.5ms)
  [4;35;1mSQL (1.3ms)[0m   [0mSHOW TABLES[0m
  [4;36;1mVariant Columns (1.6ms)[0m   [0;1mSHOW FIELDS FROM `variants`[0m
  [4;35;1mSQL (1.3ms)[0m   [0mSHOW TABLES[0m
  [4;36;1mSQL (1.4ms)[0m   [0;1mSHOW TABLES[0m
  [4;35;1mProduct Columns (1.3ms)[0m   [0mSHOW FIELDS FROM `products`[0m
  [4;36;1mSQL (1.4ms)[0m   [0;1mSHOW TABLES[0m
  [4;35;1mProperty Columns (0.8ms)[0m   [0mSHOW FIELDS FROM `properties`[0m
  [4;36;1mProperty Load (0.1ms)[0m   [0;1mSELECT * FROM `properties` WHERE (`properties`.`name` = 'brand') LIMIT 1[0m
  [4;35;1mSQL (1.2ms)[0m   [0mSHOW TABLES[0m
  [4;36;1mTaxon Load (0.1ms)[0m   [0;1mSELECT * FROM `taxons` WHERE (`taxons`.`parent_id` IS NULL) ORDER BY `lft`[0m
Rendered shared/_search (293.6ms)
Rendered shared/_login_bar (4.0ms)
Rendered shared/_store_menu (1.2ms)
Rendered shared/_nav_bar (314.2ms)
Cache hit: Spree::Config ({})
Cache hit: Spree::Config ({})
Rendered shared/_language_bar (20.5ms)
  [4;35;1mTracker Load (0.1ms)[0m   [0mSELECT * FROM `trackers` WHERE (`trackers`.`environment` = 'development' AND `trackers`.`active` = 1) LIMIT 1[0m
Rendered shared/_google_analytics (14.2ms)
Rendered shared/_footer (46.9ms)
Completed in 1095ms (View: 489, DB: 16) | 200 OK [http://0.0.0.0/users/new]
  [4;36;1mSQL (2.0ms)[0m   [0;1mSHOW TABLES[0m
  [4;35;1mUser Columns (15.8ms)[0m   [0mSHOW FIELDS FROM `users`[0m
  [4;36;1mSQL (1.5ms)[0m   [0;1mSHOW TABLES[0m
  [4;35;1mSQL (1.6ms)[0m   [0mSHOW TABLES[0m
  [4;36;1mSQL (1.4ms)[0m   [0;1mSHOW TABLES[0m
  [4;35;1mSQL (2.9ms)[0m   [0mSHOW TABLES[0m
  [4;36;1mSQL (25.3ms)[0m   [0;1mSHOW TABLES[0m
  [4;35;1mSQL (1.5ms)[0m   [0mSHOW TABLES[0m
  [4;36;1mSQL (0.1ms)[0m   [0;1mSET SQL_AUTO_IS_NULL=0[0m
  [4;35;1mOrder Columns (2.3ms)[0m   [0mSHOW FIELDS FROM `orders`[0m
  [4;36;1mSQL (1.3ms)[0m   [0;1mSHOW TABLES[0m
  [4;35;1mRole Columns (0.8ms)[0m   [0mSHOW FIELDS FROM `roles`[0m
  [4;36;1mUser Load IDs For Limited Eager Loading (0.2ms)[0m   [0;1mSELECT DISTINCT `users`.id FROM `users` LEFT OUTER JOIN `roles_users` ON `roles_users`.user_id = `users`.id LEFT OUTER JOIN `roles` ON `roles`.id = `roles_users`.role_id WHERE (roles.name = 'admin') LIMIT 1[0m
  [4;35;1mSQL (1.3ms)[0m   [0mSHOW TABLES[0m
  [4;36;1mUser Columns (1.7ms)[0m   [0;1mSHOW FIELDS FROM `users`[0m
  [4;35;1mSQL (1.3ms)[0m   [0mSHOW TABLES[0m
  [4;36;1mSQL (2.3ms)[0m   [0;1mSHOW TABLES[0m
  [4;35;1mSQL (1.1ms)[0m   [0mSHOW TABLES[0m
  [4;36;1mSQL (1.0ms)[0m   [0;1mSHOW TABLES[0m
  [4;35;1mSQL (1.1ms)[0m   [0mSHOW TABLES[0m
  [4;36;1mSQL (1.5ms)[0m   [0;1mSHOW TABLES[0m
  [4;35;1mSQL (0.1ms)[0m   [0mSET SQL_AUTO_IS_NULL=0[0m
  [4;36;1mOrder Columns (4.8ms)[0m   [0;1mSHOW FIELDS FROM `orders`[0m


Processing UsersController#new (for 127.0.0.1 at 2010-06-28 00:17:57) [GET]
  Parameters: {"action"=>"new", "controller"=>"users"}
  [4;35;1mSQL (1.3ms)[0m   [0mSHOW TABLES[0m
  [4;36;1mAppConfiguration Columns (1.0ms)[0m   [0;1mSHOW FIELDS FROM `configurations`[0m
  [4;35;1mAppConfiguration Load (0.1ms)[0m   [0mSELECT * FROM `configurations` WHERE (`configurations`.`name` = 'Default configuration') AND ( (`configurations`.`type` = 'AppConfiguration' ) ) LIMIT 1[0m
Cache hit: Spree::Config ({})
Cache hit: Spree::Config ({})
  [4;36;1mRole Columns (0.8ms)[0m   [0;1mSHOW FIELDS FROM `roles`[0m
  [4;35;1mUser Load IDs For Limited Eager Loading (0.1ms)[0m   [0mSELECT DISTINCT `users`.id FROM `users` LEFT OUTER JOIN `roles_users` ON `roles_users`.user_id = `users`.id LEFT OUTER JOIN `roles` ON `roles`.id = `roles_users`.role_id WHERE (roles.name = 'admin') LIMIT 1[0m
Rendering template within layouts/spree_application
Rendering users/new
Cache hit: Spree::Config ({})
Cache hit: Spree::Config ({})
Cache hit: Spree::Config ({})
Cache hit: Spree::Config ({})
Cache hit: Spree::Config ({})
Cache hit: Spree::Config ({})
Rendered shared/_user_form (10.3ms)
Cache hit: Spree::Config ({})
Cache hit: Spree::Config ({})
Cache hit: Spree::Config ({})
Rendered shared/_head (2.3ms)
  [4;36;1mSQL (1.3ms)[0m   [0;1mSHOW TABLES[0m
  [4;35;1mVariant Columns (1.1ms)[0m   [0mSHOW FIELDS FROM `variants`[0m
  [4;36;1mSQL (1.3ms)[0m   [0;1mSHOW TABLES[0m
  [4;35;1mSQL (1.3ms)[0m   [0mSHOW TABLES[0m
  [4;36;1mProduct Columns (1.3ms)[0m   [0;1mSHOW FIELDS FROM `products`[0m
  [4;35;1mSQL (1.3ms)[0m   [0mSHOW TABLES[0m
  [4;36;1mProperty Columns (0.9ms)[0m   [0;1mSHOW FIELDS FROM `properties`[0m
  [4;35;1mProperty Load (0.1ms)[0m   [0mSELECT * FROM `properties` WHERE (`properties`.`name` = 'brand') LIMIT 1[0m
  [4;36;1mSQL (1.2ms)[0m   [0;1mSHOW TABLES[0m
  [4;35;1mTaxon Load (0.1ms)[0m   [0mSELECT * FROM `taxons` WHERE (`taxons`.`parent_id` IS NULL) ORDER BY `lft`[0m
Rendered shared/_search (293.5ms)
Rendered shared/_login_bar (5.9ms)
Rendered shared/_store_menu (1.1ms)
Rendered shared/_nav_bar (313.9ms)
Cache hit: Spree::Config ({})
Cache hit: Spree::Config ({})
Rendered shared/_language_bar (16.4ms)
  [4;36;1mTracker Load (0.1ms)[0m   [0;1mSELECT * FROM `trackers` WHERE (`trackers`.`environment` = 'development' AND `trackers`.`active` = 1) LIMIT 1[0m
Rendered shared/_google_analytics (11.4ms)
Rendered shared/_footer (37.7ms)
Completed in 1356ms (View: 391, DB: 18) | 200 OK [http://0.0.0.0/users/new]
  [4;35;1mSQL (1.5ms)[0m   [0mSHOW TABLES[0m
  [4;36;1mUser Columns (1.6ms)[0m   [0;1mSHOW FIELDS FROM `users`[0m
  [4;35;1mSQL (1.3ms)[0m   [0mSHOW TABLES[0m
  [4;36;1mSQL (1.3ms)[0m   [0;1mSHOW TABLES[0m
  [4;35;1mSQL (1.1ms)[0m   [0mSHOW TABLES[0m
  [4;36;1mSQL (1.0ms)[0m   [0;1mSHOW TABLES[0m
  [4;35;1mSQL (1.0ms)[0m   [0mSHOW TABLES[0m
  [4;36;1mSQL (1.4ms)[0m   [0;1mSHOW TABLES[0m
